[20:10:31] [Render thread/INFO] [JMLogger] JourneyMap log initialized.
[20:10:31] [Render thread/INFO] [JourneymapClient] initialize ENTER
[20:10:31] [Render thread/INFO] [ClientAPI] [ClientAPI] built with JourneyMap API 2.0.0-SNAPSHOT
[20:10:31] [Render thread/INFO] [PluginHelper] Initializing plugins with Client API: journeymap.api.client.impl.ClientAPI
[20:10:31] [Render thread/INFO] [PluginHelper] Initialized IClientPlugin: com.simibubi.create.compat.trainmap.JourneyTrainMap
[20:10:31] [Render thread/INFO] [PluginHelper] Initialized IClientPlugin: com.minecolonies.core.compatibility.journeymap.JourneymapPlugin
[20:10:31] [Render thread/INFO] [PluginHelper] Initialized IClientPlugin: net.blay09.mods.waystones.compat.JourneyMapIntegration
[20:10:31] [Render thread/INFO] [PluginHelper] Initialized IClientPlugin: journeymap.api.plugins.LoadedChunkOverlayPlugin
[20:10:31] [Render thread/DEBUG] [JourneymapClient] Loading and Generating Journeymap configs
[20:10:31] [Render thread/WARN] [PropertiesBase] core (Initialized) Bad configField entry during updateFrom(): optionsManagerViewed=null
[20:10:31] [Render thread/WARN] [PropertiesBase] core (Initialized) Bad configField entry during updateFrom(): splashViewed=null
[20:10:32] [Render thread/INFO] [?] Version: JourneyMap 1.21.1-6.0.0-beta.52, built with neoforge 21.1.55
neoforge: 21.1.194
Environment: os.name, os.arch, java.version, user.country, user.language=null, game language=en_us, locale=en_us
Features: 
	RadarPlayers : singleplayer = true , multiplayer = true
	RadarAnimals : singleplayer = true , multiplayer = true
	RadarMobs : singleplayer = true , multiplayer = true
	RadarVillagers : singleplayer = true , multiplayer = true
	MapTopo : singleplayer = true , multiplayer = true
	MapSurface : singleplayer = true , multiplayer = true
	MapCaves : singleplayer = true , multiplayer = true
	MapBiome : singleplayer = true , multiplayer = true
MiniMapProperties{state=Valid, file=journeymap.minimap.config, configVersion=6.0.0-beta.52, infoSlotTimeFormat=HH:mm:ss, zoomLevel=512, compassFontScale=1.0, infoSlotFontScale=1.0, terrainAlpha=100, showEntityNames=false, showPassiveNames=false, positionX=0.9, positionY=0.25, effectVertical=false, showPlayerHeading=true, sizePercent=30, playerDisplayScale=1.0, showDayNight=true, showPets=true, showPlayerNames=true, preferredMapType=day, showCompass=true, showNpcNames=false, mobDisplay=jm.common.entity_display.dots_and_outlined_icons, showHostileNames=false, systemTimeRealFormat=HH:mm:ss, shape=jm.minimap.shape_circle, showSelf=true, showVillagerNames=false, selfDisplayScale=1.0, showGrid=true, reticleOrientation=jm.minimap.orientation.compass, minimapLockedMapType=jm.common.map_type.auto, effectTranslateX=0, info3LabelPosition=jm.minimap.info_slot.bottom, showWaypoints=true, info2LabelPosition=jm.minimap.info_slot.top, minimapKeyMovementSpeed=0.001, info1LabelPosition=jm.minimap.info_slot.top, showAnimals=true, infoSlotAlpha=0.7, effectTranslateY=0, showWaypointLabels=true, showAmbientNames=false, moveEffectIcons=true, showTeamNames=true, position=jm.minimap.position_topright, fontScale=1.0, info4LabelPosition=jm.minimap.info_slot.bottom, showPlayers=true, waypointIconScale=1.0, frameAlpha=100, effectReversed=false, backgroundAlpha=0.8, enabled=true, showVillagers=true, info2Label=jm.theme.labelsource.gametime, info3Label=jm.theme.labelsource.location, caveLayer=4, showMobs=true, waypointLabelScale=1.0, showReticle=true, orientation=jm.minimap.orientation.north, info4Label=jm.theme.labelsource.biome, locationFormat=xzyv, playerDisplay=jm.common.entity_display.outlined_icons, mobDisplayScale=1.0, showOffScreenPlayers=true, showCaves=true, hideEffectIcons=false, showMobHeading=true, locationFormatVerbose=true, showAmbientCreatures=false, showPetNames=false, info1Label=jm.theme.labelsource.blank, showNoIconNames=true}
MiniMapProperties{state=Valid, file=journeymap.minimap2.config, configVersion=6.0.0-beta.52, infoSlotTimeFormat=HH:mm:ss, zoomLevel=512, compassFontScale=1.0, infoSlotFontScale=1.0, terrainAlpha=100, showEntityNames=false, showPassiveNames=false, positionX=0.9, positionY=0.25, effectVertical=false, showPlayerHeading=true, sizePercent=30, playerDisplayScale=1.0, showDayNight=true, showPets=true, showPlayerNames=true, preferredMapType=day, showCompass=true, showNpcNames=false, mobDisplay=jm.common.entity_display.dots_and_outlined_icons, showHostileNames=false, systemTimeRealFormat=HH:mm:ss, shape=jm.minimap.shape_rectangle, showSelf=true, showVillagerNames=false, selfDisplayScale=1.0, showGrid=true, reticleOrientation=jm.minimap.orientation.compass, minimapLockedMapType=jm.common.map_type.auto, effectTranslateX=0, info3LabelPosition=jm.minimap.info_slot.bottom, showWaypoints=true, info2LabelPosition=jm.minimap.info_slot.top, minimapKeyMovementSpeed=0.001, info1LabelPosition=jm.minimap.info_slot.top, showAnimals=true, infoSlotAlpha=0.7, effectTranslateY=0, showWaypointLabels=true, showAmbientNames=false, moveEffectIcons=true, showTeamNames=true, position=jm.minimap.position_topright, fontScale=1.0, info4LabelPosition=jm.minimap.info_slot.bottom, showPlayers=true, waypointIconScale=1.0, frameAlpha=100, effectReversed=false, backgroundAlpha=0.8, enabled=true, showVillagers=true, info2Label=jm.theme.labelsource.gametime, info3Label=jm.theme.labelsource.location, caveLayer=4, showMobs=true, waypointLabelScale=1.0, showReticle=true, orientation=jm.minimap.orientation.north, info4Label=jm.theme.labelsource.biome, locationFormat=xzyv, playerDisplay=jm.common.entity_display.outlined_icons, mobDisplayScale=1.0, showOffScreenPlayers=true, showCaves=true, hideEffectIcons=false, showMobHeading=true, locationFormatVerbose=true, showAmbientCreatures=false, showPetNames=false, info1Label=jm.theme.labelsource.blank, showNoIconNames=true}
FullMapProperties{state=Valid, file=journeymap.fullmap.config, configVersion=6.0.0-beta.52, zoomLevel=512, minimalMode=false, showPlayers=true, waypointIconScale=1.0, showEntityNames=false, showPassiveNames=false, showPlayerHeading=true, showVillagers=true, showPlayerLoc=true, showKeys=true, playerDisplayScale=1.0, showMobs=true, showPets=true, waypointLabelScale=1.0, showPlayerNames=true, preferredMapType=day, showNpcNames=false, mobDisplay=jm.common.entity_display.dots_and_outlined_icons, showHostileNames=false, showSelf=true, locationFormat=xzyv, playerDisplay=jm.common.entity_display.outlined_icons, showVillagerNames=false, mobDisplayScale=1.0, selfDisplayScale=1.0, showOffScreenPlayers=true, showGrid=true, showMouseLoc=true, showWaypoints=true, showCaves=true, showThemeButton=true, showAnimals=true, showMobHeading=true, showWaypointLabels=true, locationFormatVerbose=true, showAmbientNames=false, showAmbientCreatures=false, showTeamNames=true, showPetNames=false, fontScale=1.0, showNoIconNames=true}
WaypointProperties{state=Valid, file=journeymap.waypoint.config, configVersion=6.0.0-beta.52, autoRemoveDeathpointDistance=2, showPlayers=false, dateFormat=MM-dd-yyyy, autoHideIconAngle=5, autoRemoveDeathpoints=false, autoHideIcon=false, autoHideLabelAngle=5, renderWaypointsWorld=true, showDeleteConfirmation=true, managerDimensionFocus=false, fullscreenDoubleClickToCreate=true, minDistance=4, coordinatesFormat=XZY, boldLabel=false, disableShare=false, showDeathpointlabel=true, textureSmall=true, useActionsButton=false, beaconEnabled=true, createDeathpoints=true, disableStrikeThrough=false, renderWaypointsMap=true, showName=true, maxDistance=0, ignoreRenderDistance=false, autoHideLabel=true, autoRemoveTempWaypoints=2, teleportCommand=/execute in {dim} run tp {name} {x} {y} {z}, showStaticBeam=true, renderWaypoints=true, wholeNumberTeleportCoords=false, timeFormat=HH:mm:ss, shaderBeacon=false, showDistance=true, showRotatingBeam=true, fontScale=2.0, managerEnabled=true}
WebMapProperties{state=Valid, file=journeymap.webmap.config, configVersion=6.0.0-beta.52, port=8080, enabled=false}
CoreProperties{state=Valid, file=journeymap.core.config, configVersion=6.0.0-beta.52, maxPlayersData=32, mapSurfaceAboveCaves=true, dataCachingEnabled=true, maxAmbientCreaturesData=32, optionsManagerViewed=null, announceMod=true, ignoreSnow=false, colorPassive=#bbbbbb, colorPassiveLabel=#bbbbbb, mapShadows=true, mapBlendWater=true, playerIconFade=true, renderDistanceSurfaceMax=0, seedId=false, colorPetLabel=#0077ff, radarVerticalDistance=16, mapBlendGrass=true, recordCacheStats=false, hideSneakingEntities=true, initialSortOrder=Name, colorPlayerLabel=#ffffff, revealShape=jm.minimap.shape_circle, mapBiome=true, caveShader=jm.common.map_filter.default, mipmapLevels=5, colorVillagerLabel=#88e188, alwaysMapSurface=false, biomeShader=jm.common.map_filter.default, colorVillager=#88e188, mapPlants=false, colorPet=#0077ff, sortDescending=true, radarLateralDistance=64, mapBathymetry=false, mapCrops=true, maxMobsData=32, dayShader=jm.common.map_filter.default, mapPlantShadows=false, alwaysMapCaves=false, checkUpdates=true, colorHostileLabel=#ff0000, mapBlendFoliage=true, topoMax=0, hideSpectators=false, mappingEnabled=true, colorPlayer=#ffffff, cacheVillagersData=2200, logLevel=INFO, maxVillagersData=32, mapWaterBiomeColors=true, maxAnimalsData=32, mapTransparency=true, caveBlackAsClear=false, caveModeThreshold=2, legacyIcons=false, netherShader=jm.common.map_filter.default, caveIgnoreGlass=true, mapTopography=true, renderDistanceCaveMax=0, mapAntialiasing=true, colorSelf=#0000ff, cachePlayersData=2000, mapOnlyPlayerChunk=false, nightShader=jm.common.map_filter.default, cacheMobsData=3000, cachePlayerData=1000, splashViewed=null, colorHostile=#ff0000, topoShader=jm.common.map_filter.default, allowMiniMapBehindScreens=true, cacheAnimalsData=3100, ignoreHeightmaps=false, themeName=Purist, mapCaveLighting=true, renderDelay=2, mobIconFade=true, serverIp=false, glErrorChecking=false, autoMapPoll=2000}
[20:10:32] [Render thread/INFO] [JourneymapClient] initialize EXIT, elapsed count 1 avg 692.25ms
[20:10:44] [Render thread/DEBUG] [StatTimer] Tick.MappingMonitorTask warmup done, 10
[20:10:57] [Render thread/INFO] [JourneymapClientNeoForge] Journeymap PostInit
[20:10:57] [Render thread/DEBUG] [JourneymapClient] postInitialize ENTER
[20:10:57] [Render thread/TRACE] [ThemeLoader] Initializing themes ...
[20:10:57] [Render thread/INFO] [NeoForgeHooks] ModFileLocation:file:/D:/Users/seans/curseforge/minecraft/Instances/Veil%20Ring/mods/journeymap-neoforge-1.21.1-6.0.0-beta.52.jar
[20:10:57] [Render thread/DEBUG] [FileHandler] ZipFilePath:D:/Users/seans/curseforge/minecraft/Instances/Veil Ring/mods/journeymap-neoforge-1.21.1-6.0.0-beta.52.jar zipEntryName:assets/journeymap/theme/victorian_ destDir:D:\Users\seans\curseforge\minecraft\Instances\Veil Ring\journeymap\icon\theme\victorian_ overWrite:true fromPath:D:/Users/seans/curseforge/minecraft/Instances/Veil Ring/mods/journeymap-neoforge-1.21.1-6.0.0-beta.52.jar
[20:10:57] [Render thread/INFO] [NeoForgeHooks] ModFileLocation:file:/D:/Users/seans/curseforge/minecraft/Instances/Veil%20Ring/mods/journeymap-neoforge-1.21.1-6.0.0-beta.52.jar
[20:10:57] [Render thread/DEBUG] [FileHandler] ZipFilePath:D:/Users/seans/curseforge/minecraft/Instances/Veil Ring/mods/journeymap-neoforge-1.21.1-6.0.0-beta.52.jar zipEntryName:assets/journeymap/theme/flat destDir:D:\Users\seans\curseforge\minecraft\Instances\Veil Ring\journeymap\icon\theme\flat overWrite:true fromPath:D:/Users/seans/curseforge/minecraft/Instances/Veil Ring/mods/journeymap-neoforge-1.21.1-6.0.0-beta.52.jar
[20:10:57] [Render thread/INFO] [NeoForgeHooks] ModFileLocation:file:/D:/Users/seans/curseforge/minecraft/Instances/Veil%20Ring/mods/journeymap-neoforge-1.21.1-6.0.0-beta.52.jar
[20:10:57] [Render thread/DEBUG] [FileHandler] ZipFilePath:D:/Users/seans/curseforge/minecraft/Instances/Veil Ring/mods/journeymap-neoforge-1.21.1-6.0.0-beta.52.jar zipEntryName:assets/journeymap/theme/vault_flat destDir:D:\Users\seans\curseforge\minecraft\Instances\Veil Ring\journeymap\icon\theme\vault_flat overWrite:true fromPath:D:/Users/seans/curseforge/minecraft/Instances/Veil Ring/mods/journeymap-neoforge-1.21.1-6.0.0-beta.52.jar
[20:10:57] [Render thread/INFO] [NeoForgeHooks] ModFileLocation:file:/D:/Users/seans/curseforge/minecraft/Instances/Veil%20Ring/mods/journeymap-neoforge-1.21.1-6.0.0-beta.52.jar
[20:10:57] [Render thread/DEBUG] [FileHandler] ZipFilePath:D:/Users/seans/curseforge/minecraft/Instances/Veil Ring/mods/journeymap-neoforge-1.21.1-6.0.0-beta.52.jar zipEntryName:assets/journeymap/theme/vault destDir:D:\Users\seans\curseforge\minecraft\Instances\Veil Ring\journeymap\icon\theme\vault overWrite:true fromPath:D:/Users/seans/curseforge/minecraft/Instances/Veil Ring/mods/journeymap-neoforge-1.21.1-6.0.0-beta.52.jar
[20:10:58] [Render thread/INFO] [ThemeLoader] Preloaded theme textures: 73
[20:10:58] [Render thread/INFO] [JourneymapClient] postInitialize EXIT, elapsed count 1 avg 801.18ms
[20:11:11] [Render thread/INFO] [ColorPalette] Color palette file generated for 0 blockstates in 0ms for: Default Palette
[20:12:08] [Render thread/INFO] [TextureCache] [JourneyMap]: Purging Theme Images
[20:12:08] [Render thread/INFO] [TextureCache] [JourneyMap]: Purging Region Images
[20:12:08] [Render thread/INFO] [TextureCache] [JourneyMap]: Purging Mob Icon Images
[20:12:08] [Render thread/INFO] [WaypointHandler] Resetting Waypoints and Groups.
[20:12:08] [Render thread/INFO] [WaypointStore] Loaded 0 waypoints from disk.
[20:12:08] [Render thread/INFO] [WaypointGroupStore] Loaded 4 waypoint groups from disk.
[20:12:09] [Server thread/INFO] [NeoForgeConfig] Loading JourneyMap Forge Configs
[20:12:42] [Render thread/INFO] [InternalStateHandler] Connection initiated with Journeymap Server: true
[20:12:42] [Render thread/INFO] [InternalStateHandler] Teleport Enabled: false
[20:12:42] [Render thread/INFO] [InternalStateHandler] Expanded Radar Enabled: true
[20:12:42] [Render thread/INFO] [InternalStateHandler] Server Admin Enabled: false
[20:12:42] [Render thread/INFO] [InternalStateHandler] Server set show in-game beacons: true
[20:12:42] [Render thread/INFO] [InternalStateHandler] Server set waypoints allowed: true
[20:12:42] [Render thread/INFO] [InternalStateHandler] Server set Server Admin read only mode: true
[20:12:42] [Render thread/INFO] [InternalStateHandler] Server set maxSurfaceRenderDistance to: 0
[20:12:42] [Render thread/INFO] [InternalStateHandler] Server setmaxCaveRenderDistance to: 0
[20:12:42] [Render thread/INFO] [InternalStateHandler] Server set allow mutliplayer options: true
[20:12:42] [Render thread/INFO] [InternalStateHandler] Server set allow rightClickTeleport options: true
[20:12:42] [Render thread/INFO] [InternalStateHandler] Server set allow radarLateralDistance options: 512
[20:12:42] [Render thread/INFO] [InternalStateHandler] Server set allow radarVerticalDistance options: 320
[20:12:42] [Render thread/INFO] [InternalStateHandler] Server set allow maxAnimalsData options: 128
[20:12:42] [Render thread/INFO] [InternalStateHandler] Server set allow maxAmbientCreaturesData options: 128
[20:12:42] [Render thread/INFO] [InternalStateHandler] Server set allow maxMobsData options: 128
[20:12:42] [Render thread/INFO] [InternalStateHandler] Server set allow maxPlayersData options: 128
[20:12:42] [Render thread/INFO] [InternalStateHandler] Server set allow maxVillagersData options: 128
[20:12:42] [Render thread/INFO] [InternalStateHandler] Server set allow playerRadarNamesEnabled options: true
[20:12:42] [Render thread/INFO] [InternalStateHandler] Server set allow minimapEnabled options: true
[20:12:42] [Render thread/INFO] [InternalStateHandler] Server set allow hideCoordinates options: false
[20:12:43] [Render thread/INFO] [InternalStateHandler] Connection initiated with Journeymap Server: true
[20:12:43] [Render thread/INFO] [InternalStateHandler] Teleport Enabled: false
[20:12:43] [Render thread/INFO] [InternalStateHandler] Expanded Radar Enabled: true
[20:12:43] [Render thread/INFO] [InternalStateHandler] Server Admin Enabled: false
[20:12:43] [Render thread/INFO] [InternalStateHandler] Server set show in-game beacons: true
[20:12:43] [Render thread/INFO] [InternalStateHandler] Server set waypoints allowed: true
[20:12:43] [Render thread/INFO] [InternalStateHandler] Server set Server Admin read only mode: true
[20:12:43] [Render thread/INFO] [InternalStateHandler] Server set maxSurfaceRenderDistance to: 0
[20:12:43] [Render thread/INFO] [InternalStateHandler] Server setmaxCaveRenderDistance to: 0
[20:12:43] [Render thread/INFO] [InternalStateHandler] Server set allow mutliplayer options: true
[20:12:43] [Render thread/INFO] [InternalStateHandler] Server set allow rightClickTeleport options: true
[20:12:43] [Render thread/INFO] [InternalStateHandler] Server set allow radarLateralDistance options: 512
[20:12:43] [Render thread/INFO] [InternalStateHandler] Server set allow radarVerticalDistance options: 320
[20:12:43] [Render thread/INFO] [InternalStateHandler] Server set allow maxAnimalsData options: 128
[20:12:43] [Render thread/INFO] [InternalStateHandler] Server set allow maxAmbientCreaturesData options: 128
[20:12:43] [Render thread/INFO] [InternalStateHandler] Server set allow maxMobsData options: 128
[20:12:43] [Render thread/INFO] [InternalStateHandler] Server set allow maxPlayersData options: 128
[20:12:43] [Render thread/INFO] [InternalStateHandler] Server set allow maxVillagersData options: 128
[20:12:43] [Render thread/INFO] [InternalStateHandler] Server set allow playerRadarNamesEnabled options: true
[20:12:43] [Render thread/INFO] [InternalStateHandler] Server set allow minimapEnabled options: true
[20:12:43] [Render thread/INFO] [InternalStateHandler] Server set allow hideCoordinates options: false
[20:12:54] [Render thread/WARN] [PropertiesBase] core (Initialized) Bad configField entry during updateFrom(): optionsManagerViewed=null
[20:12:54] [Render thread/WARN] [PropertiesBase] core (Initialized) Bad configField entry during updateFrom(): splashViewed=null
[20:12:54] [Render thread/INFO] [ModBlockDelegate] Custom modded block handling enabled for create
[20:12:54] [Render thread/INFO] [ModBlockDelegate] Custom modded block handling enabled for biomesoplenty
[20:12:54] [Render thread/INFO] [WaypointHandler] Resetting Waypoints and Groups.
[20:12:54] [Render thread/INFO] [WaypointStore] Loaded 0 waypoints from disk.
[20:12:54] [Render thread/INFO] [WaypointGroupStore] Loaded 4 waypoint groups from disk.
[20:12:54] [Render thread/INFO] [LegacyWaypointFileMigrator] 0 Legacy waypoints found that need to be migrated and backed up.
[20:12:54] [Render thread/INFO] [ColorPalette] Color palette file generated for 0 blockstates in 1ms for: D:\Users\seans\curseforge\minecraft\Instances\Veil Ring\journeymap\colorpalette.json
[20:12:54] [Render thread/INFO] [ColorPalette] Color palette file generated for 0 blockstates in 0ms for: D:\Users\seans\curseforge\minecraft\Instances\Veil Ring\journeymap\data\sp\New World\colorpalette.json
[20:12:54] [Render thread/INFO] [JourneymapClient] Mapping started in D:\Users\seans\curseforge\minecraft\Instances\Veil Ring\journeymap\data\sp\New World\overworld. Memory: 5256MB total, 1874MB free 
[20:12:54] [Render thread/INFO] [ChatLog] JourneyMap: Press [J]
[20:12:55] [Render thread/WARN] [JMLogger] Image is null: livingthings:textures/entity_icon/penguin/penguin.png
[20:12:55] [Render thread/WARN] [JMLogger] Image is null: endermanoverhaul:textures/entity_icon/default/default_enderman.png
[20:12:55] [Render thread/INFO] [InternalStateHandler] Connection initiated with Journeymap Server: true
[20:12:55] [Render thread/INFO] [InternalStateHandler] Teleport Enabled: false
[20:12:55] [Render thread/INFO] [InternalStateHandler] Expanded Radar Enabled: true
[20:12:55] [Render thread/INFO] [InternalStateHandler] Server Admin Enabled: false
[20:12:55] [Render thread/INFO] [InternalStateHandler] Server set show in-game beacons: true
[20:12:55] [Render thread/INFO] [InternalStateHandler] Server set waypoints allowed: true
[20:12:55] [Render thread/INFO] [InternalStateHandler] Server set Server Admin read only mode: true
[20:12:55] [Render thread/INFO] [InternalStateHandler] Server set maxSurfaceRenderDistance to: 0
[20:12:55] [Render thread/INFO] [InternalStateHandler] Server setmaxCaveRenderDistance to: 0
[20:12:55] [Render thread/INFO] [InternalStateHandler] Server set allow mutliplayer options: true
[20:12:55] [Render thread/INFO] [InternalStateHandler] Server set allow rightClickTeleport options: true
[20:12:55] [Render thread/INFO] [InternalStateHandler] Server set allow radarLateralDistance options: 512
[20:12:55] [Render thread/INFO] [InternalStateHandler] Server set allow radarVerticalDistance options: 320
[20:12:55] [Render thread/INFO] [InternalStateHandler] Server set allow maxAnimalsData options: 128
[20:12:55] [Render thread/INFO] [InternalStateHandler] Server set allow maxAmbientCreaturesData options: 128
[20:12:55] [Render thread/INFO] [InternalStateHandler] Server set allow maxMobsData options: 128
[20:12:55] [Render thread/INFO] [InternalStateHandler] Server set allow maxPlayersData options: 128
[20:12:55] [Render thread/INFO] [InternalStateHandler] Server set allow maxVillagersData options: 128
[20:12:55] [Render thread/INFO] [InternalStateHandler] Server set allow playerRadarNamesEnabled options: true
[20:12:55] [Render thread/INFO] [InternalStateHandler] Server set allow minimapEnabled options: true
[20:12:55] [Render thread/INFO] [InternalStateHandler] Server set allow hideCoordinates options: false
[20:13:51] [Render thread/WARN] [JMLogger] Image is null: productivebees:textures/entity_icon/bee/yellow_black_carpenter/bee.png
[20:14:41] [Render thread/WARN] [JMLogger] Image is null: productivebees:textures/entity_icon/bee/sweat/bee.png
[20:15:05] [Render thread/WARN] [JMLogger] Image is null: productivebees:textures/entity_icon/bee/sweat/bee_nectar.png
[20:16:13] [Render thread/WARN] [JMLogger] Image is null: livingthings:textures/entity_icon/shark/shark.png
[20:18:24] [Render thread/WARN] [JMLogger] Image is null: livingthings:textures/entity_icon/mantaray/mantaray_blue.png
[20:18:24] [Render thread/WARN] [JMLogger] Image is null: livingthings:textures/entity_icon/mantaray/mantaray_brown.png
[20:21:54] [Render thread/WARN] [JMLogger] Image is null: creeperoverhaul:textures/entity_icon/plains/plains_creeper.png
[20:22:22] [Render thread/WARN] [JMLogger] Image is null: livingthings:textures/entity_icon/mantaray/mantaray_blue.png
[20:22:22] [Render thread/WARN] [JMLogger] Image is null: endermanoverhaul:textures/entity_icon/default/default_enderman.png
[20:22:22] [Render thread/WARN] [JMLogger] Image is null: creeperoverhaul:textures/entity_icon/plains/plains_creeper.png
[20:22:23] [Render thread/WARN] [JMLogger] Image is null: livingthings:textures/entity_icon/penguin/penguin.png
[20:22:23] [Render thread/WARN] [JMLogger] Image is null: livingthings:textures/entity_icon/mantaray/mantaray_brown.png
[20:22:32] [Render thread/WARN] [JMLogger] Image is null: livingthings:textures/entity_icon/shark/shark.png
[20:29:28] [Render thread/WARN] [JMLogger] Image is null: livingthings:textures/entity_icon/mantaray/mantaray_brown.png
[20:29:28] [Render thread/WARN] [JMLogger] Image is null: livingthings:textures/entity_icon/penguin/penguin.png
[20:29:35] [Render thread/WARN] [JMLogger] Image is null: productivebees:textures/entity_icon/bee/sweat/bee.png
[20:32:32] [Render thread/WARN] [JMLogger] Image is null: livingthings:textures/entity_icon/mantaray/mantaray_blue.png
[20:33:35] [Render thread/WARN] [JMLogger] Image is null: productivebees:textures/entity_icon/bee/yellow_black_carpenter/bee.png
[20:34:41] [Render thread/WARN] [JMLogger] Image is null: productivebees:textures/entity_icon/bee/sweat/bee_nectar.png
[20:35:29] [Render thread/WARN] [JMLogger] Image is null: livingthings:textures/entity_icon/shark/shark.png
[20:45:14] [Render thread/WARN] [JMLogger] Image is null: livingthings:textures/entity_icon/shark/shark.png
[20:45:14] [Render thread/WARN] [JMLogger] Image is null: livingthings:textures/entity_icon/mantaray/mantaray_blue.png
[20:45:18] [Render thread/WARN] [JMLogger] Image is null: livingthings:textures/entity_icon/penguin/penguin.png
[20:45:50] [Render thread/WARN] [JMLogger] Image is null: creeperoverhaul:textures/entity_icon/plains/plains_creeper.png
[20:50:12] [Render thread/WARN] [JMLogger] Image is null: endermanoverhaul:textures/entity_icon/default/default_enderman.png
[20:53:05] [Render thread/WARN] [JMLogger] Image is null: livingthings:textures/entity_icon/mantaray/mantaray_brown.png
[20:58:40] [Render thread/WARN] [JMLogger] Image is null: livingthings:textures/entity_icon/shark/shark.png
[20:58:40] [Render thread/WARN] [JMLogger] Image is null: livingthings:textures/entity_icon/penguin/penguin.png
[21:00:24] [Render thread/WARN] [JMLogger] Image is null: productivebees:textures/entity_icon/bee/sweat/bee.png
[21:02:26] [Render thread/WARN] [JMLogger] Image is null: endermanoverhaul:textures/entity_icon/default/default_enderman.png
[21:03:31] [Render thread/WARN] [JMLogger] Image is null: creeperoverhaul:textures/entity_icon/plains/plains_creeper.png
[21:04:42] [Render thread/WARN] [JMLogger] Image is null: livingthings:textures/entity_icon/mantaray/mantaray_brown.png
[21:04:42] [Render thread/WARN] [JMLogger] Image is null: livingthings:textures/entity_icon/mantaray/mantaray_blue.png
[21:11:23] [Render thread/WARN] [JMLogger] Image is null: livingthings:textures/entity_icon/mantaray/mantaray_blue.png
[21:11:26] [Render thread/WARN] [JMLogger] Image is null: livingthings:textures/entity_icon/penguin/penguin.png
[21:11:26] [Render thread/WARN] [JMLogger] Image is null: livingthings:textures/entity_icon/mantaray/mantaray_brown.png
[21:12:07] [Render thread/WARN] [JMLogger] Image is null: productivebees:textures/entity_icon/bee/sweat/bee.png
[21:13:09] [Render thread/WARN] [JMLogger] Image is null: livingthings:textures/entity_icon/shark/shark.png
[21:17:10] [Render thread/WARN] [JMLogger] Image is null: productivebees:textures/entity_icon/bee/sweat/bee_nectar.png
[21:17:19] [Render thread/WARN] [JMLogger] Image is null: productivebees:textures/entity_icon/bee/yellow_black_carpenter/bee.png
[21:23:01] [Render thread/WARN] [JMLogger] Image is null: creeperoverhaul:textures/entity_icon/plains/plains_creeper.png
[21:24:04] [Render thread/WARN] [JMLogger] Image is null: endermanoverhaul:textures/entity_icon/default/default_enderman.png
[21:25:51] [Render thread/WARN] [JMLogger] Image is null: livingthings:textures/entity_icon/penguin/penguin.png
[21:26:00] [Render thread/WARN] [JMLogger] Image is null: livingthings:textures/entity_icon/shark/shark.png
[21:27:09] [Render thread/WARN] [JMLogger] Image is null: livingthings:textures/entity_icon/mantaray/mantaray_brown.png
[21:27:09] [Render thread/WARN] [JMLogger] Image is null: livingthings:textures/entity_icon/mantaray/mantaray_blue.png
[21:29:41] [Render thread/WARN] [JMLogger] Image is null: productivebees:textures/entity_icon/bee/sweat/bee.png
[21:29:56] [Render thread/WARN] [JMLogger] Image is null: productivebees:textures/entity_icon/bee/yellow_black_carpenter/bee.png
[21:30:07] [Render thread/WARN] [JMLogger] Image is null: productivebees:textures/entity_icon/bee/sweat/bee_nectar.png
[21:39:40] [Render thread/WARN] [JMLogger] Image is null: livingthings:textures/entity_icon/shark/shark.png
[21:39:44] [Render thread/WARN] [JMLogger] Image is null: livingthings:textures/entity_icon/penguin/penguin.png
[21:39:44] [Render thread/WARN] [JMLogger] Image is null: productivebees:textures/entity_icon/bee/sweat/bee.png
[21:42:27] [Render thread/WARN] [JMLogger] Image is null: livingthings:textures/entity_icon/mantaray/mantaray_brown.png
[21:43:05] [Render thread/WARN] [JMLogger] Image is null: livingthings:textures/entity_icon/mantaray/mantaray_blue.png
[21:43:30] [Render thread/WARN] [JMLogger] Image is null: creeperoverhaul:textures/entity_icon/plains/plains_creeper.png
[21:48:21] [Render thread/WARN] [JMLogger] Image is null: livingthings:textures/entity_icon/penguin/penguin.png
[21:48:21] [Render thread/WARN] [JMLogger] Image is null: livingthings:textures/entity_icon/mantaray/mantaray_blue.png
[21:49:03] [Render thread/WARN] [JMLogger] Image is null: creeperoverhaul:textures/entity_icon/plains/plains_creeper.png
[21:49:49] [Render thread/WARN] [JMLogger] Image is null: productivebees:textures/entity_icon/bee/sweat/bee.png
[21:49:59] [Render thread/WARN] [JMLogger] Image is null: productivebees:textures/entity_icon/bee/yellow_black_carpenter/bee.png
[21:50:33] [Render thread/WARN] [JMLogger] Image is null: livingthings:textures/entity_icon/mantaray/mantaray_brown.png
[21:52:13] [Render thread/WARN] [JMLogger] Image is null: livingthings:textures/entity_icon/shark/shark.png
[21:53:33] [Render thread/INFO] [TextureCache] [JourneyMap]: Purging Theme Images
[21:53:33] [Render thread/INFO] [TextureCache] [JourneyMap]: Purging Region Images
[21:53:34] [Render thread/INFO] [TextureCache] [JourneyMap]: Purging Mob Icon Images
[21:53:34] [Render thread/INFO] [WaypointHandler] Resetting Waypoints and Groups.
[21:53:34] [Render thread/INFO] [WaypointStore] Loaded 0 waypoints from disk.
[21:53:34] [Render thread/INFO] [WaypointGroupStore] Loaded 4 waypoint groups from disk.
[21:53:34] [Render thread/INFO] [JourneymapClient] Mapping halted in D:\Users\seans\curseforge\minecraft\Instances\Veil Ring\journeymap\data\mp\offline\minecraft:overworld
[21:53:44] [Render thread/INFO] [TextureCache] [JourneyMap]: Purging Theme Images
[21:53:44] [Render thread/INFO] [TextureCache] [JourneyMap]: Purging Region Images
[21:53:44] [Render thread/INFO] [TextureCache] [JourneyMap]: Purging Mob Icon Images
[21:53:44] [Render thread/INFO] [WaypointHandler] Resetting Waypoints and Groups.
[21:53:44] [Render thread/INFO] [WaypointStore] Loaded 0 waypoints from disk.
[21:53:44] [Render thread/INFO] [WaypointGroupStore] Loaded 4 waypoint groups from disk.
